
*** Running vivado
    with args -log stop_watch_test.vds -m64 -mode batch -messageDb vivado.pb -source stop_watch_test.tcl


****** Vivado v2014.4 (64-bit)
  **** SW Build 1071353 on Tue Nov 18 18:29:27 MST 2014
  **** IP Build 1070531 on Tue Nov 18 01:10:18 MST 2014
    ** Copyright 1986-2014 Xilinx, Inc. All Rights Reserved.

source stop_watch_test.tcl
# set_param gui.test TreeTableDev
# debug::add_scope template.lib 1
# set_msg_config -id {HDL 9-1061} -limit 100000
# set_msg_config -id {HDL 9-1654} -limit 100000
# create_project -in_memory -part xc7a35tcpg236-1
# set_param project.compositeFile.enableAutoGeneration 0
# set_param synth.vivado.isSynthRun true
# set_property webtalk.parent_dir C:/Users/zhehengt/Desktop/Digital_Design_Lab/Chapter_4/example_2/example_2.cache/wt [current_project]
# set_property parent.project_path C:/Users/zhehengt/Desktop/Digital_Design_Lab/Chapter_4/example_2/example_2.xpr [current_project]
# set_property default_lib xil_defaultlib [current_project]
# set_property target_language Verilog [current_project]
# read_verilog -library xil_defaultlib {
#   C:/Users/zhehengt/Desktop/Digital_Design_Lab/Chapter_4/example_2/example_2.srcs/sources_1/new/scan_led_hex_disp.v
#   C:/Users/zhehengt/Desktop/Digital_Design_Lab/Chapter_4/example_2/example_2.srcs/sources_1/new/stop_watch.v
#   C:/Users/zhehengt/Desktop/Digital_Design_Lab/Chapter_4/example_2/example_2.srcs/sources_1/new/stop_watch_test.v
# }
# catch { write_hwdef -file stop_watch_test.hwdef }
INFO: [Vivado_Tcl 4-279] hardware handoff file cannot be generated as there is no block diagram instance in the design
# synth_design -top stop_watch_test -part xc7a35tcpg236-1
Command: synth_design -top stop_watch_test -part xc7a35tcpg236-1
Starting synth_design
Attempting to get a license for feature 'Synthesis' and/or device 'xc7a35t'
INFO: [Common 17-349] Got license for feature 'Synthesis' and/or device 'xc7a35t'
---------------------------------------------------------------------------------
Starting Synthesize : Time (s): cpu = 00:00:03 ; elapsed = 00:00:04 . Memory (MB): peak = 241.172 ; gain = 80.516
---------------------------------------------------------------------------------
INFO: [Synth 8-638] synthesizing module 'stop_watch_test' [C:/Users/zhehengt/Desktop/Digital_Design_Lab/Chapter_4/example_2/example_2.srcs/sources_1/new/stop_watch_test.v:23]
INFO: [Synth 8-638] synthesizing module 'scan_led_hex_disp' [C:/Users/zhehengt/Desktop/Digital_Design_Lab/Chapter_4/example_2/example_2.srcs/sources_1/new/scan_led_hex_disp.v:23]
	Parameter N bound to: 18 - type: integer 
INFO: [Synth 8-256] done synthesizing module 'scan_led_hex_disp' (1#1) [C:/Users/zhehengt/Desktop/Digital_Design_Lab/Chapter_4/example_2/example_2.srcs/sources_1/new/scan_led_hex_disp.v:23]
INFO: [Synth 8-638] synthesizing module 'stop_watch' [C:/Users/zhehengt/Desktop/Digital_Design_Lab/Chapter_4/example_2/example_2.srcs/sources_1/new/stop_watch.v:23]
	Parameter COUNT_VALUE bound to: 5000000 - type: integer 
INFO: [Synth 8-256] done synthesizing module 'stop_watch' (2#1) [C:/Users/zhehengt/Desktop/Digital_Design_Lab/Chapter_4/example_2/example_2.srcs/sources_1/new/stop_watch.v:23]
INFO: [Synth 8-256] done synthesizing module 'stop_watch_test' (3#1) [C:/Users/zhehengt/Desktop/Digital_Design_Lab/Chapter_4/example_2/example_2.srcs/sources_1/new/stop_watch_test.v:23]
---------------------------------------------------------------------------------
Finished Synthesize : Time (s): cpu = 00:00:04 ; elapsed = 00:00:06 . Memory (MB): peak = 275.289 ; gain = 114.633
---------------------------------------------------------------------------------
---------------------------------------------------------------------------------
Finished Constraint Validation : Time (s): cpu = 00:00:04 ; elapsed = 00:00:06 . Memory (MB): peak = 275.289 ; gain = 114.633
---------------------------------------------------------------------------------
---------------------------------------------------------------------------------
Start Loading Part and Timing Information
---------------------------------------------------------------------------------
Loading part: xc7a35tcpg236-1
---------------------------------------------------------------------------------
Finished Loading Part and Timing Information : Time (s): cpu = 00:00:04 ; elapsed = 00:00:06 . Memory (MB): peak = 275.289 ; gain = 114.633
---------------------------------------------------------------------------------
ROM "ms_tick" won't be mapped to RAM because address size (23) is larger than maximum supported(18) 
WARNING: [Synth 8-327] inferring latch for variable 'd2_next_reg' [C:/Users/zhehengt/Desktop/Digital_Design_Lab/Chapter_4/example_2/example_2.srcs/sources_1/new/stop_watch.v:68]
WARNING: [Synth 8-327] inferring latch for variable 'd1_next_reg' [C:/Users/zhehengt/Desktop/Digital_Design_Lab/Chapter_4/example_2/example_2.srcs/sources_1/new/stop_watch.v:63]
WARNING: [Synth 8-327] inferring latch for variable 'd0_next_reg' [C:/Users/zhehengt/Desktop/Digital_Design_Lab/Chapter_4/example_2/example_2.srcs/sources_1/new/stop_watch.v:58]
---------------------------------------------------------------------------------
Finished RTL Optimization Phase 2 : Time (s): cpu = 00:00:05 ; elapsed = 00:00:06 . Memory (MB): peak = 281.336 ; gain = 120.680
---------------------------------------------------------------------------------

Report RTL Partitions: 
+-+--------------+------------+----------+
| |RTL Partition |Replication |Instances |
+-+--------------+------------+----------+
+-+--------------+------------+----------+
No constraint files found.
---------------------------------------------------------------------------------
Start RTL Component Statistics 
---------------------------------------------------------------------------------
Detailed RTL Component Info : 
+---Adders : 
	   2 Input      4 Bit       Adders := 3     
+---Registers : 
	                4 Bit    Registers := 3     
+---Muxes : 
	  16 Input      7 Bit        Muxes := 1     
	   4 Input      4 Bit        Muxes := 2     
	   2 Input      4 Bit        Muxes := 3     
	   4 Input      1 Bit        Muxes := 1     
	   2 Input      1 Bit        Muxes := 2     
---------------------------------------------------------------------------------
Finished RTL Component Statistics 
---------------------------------------------------------------------------------
---------------------------------------------------------------------------------
Start RTL Hierarchical Component Statistics 
---------------------------------------------------------------------------------
Hierarchical RTL Component report 
Module stop_watch_test 
Detailed RTL Component Info : 
Module scan_led_hex_disp 
Detailed RTL Component Info : 
+---Muxes : 
	  16 Input      7 Bit        Muxes := 1     
	   4 Input      4 Bit        Muxes := 2     
	   4 Input      1 Bit        Muxes := 1     
Module stop_watch 
Detailed RTL Component Info : 
+---Adders : 
	   2 Input      4 Bit       Adders := 3     
+---Registers : 
	                4 Bit    Registers := 3     
+---Muxes : 
	   2 Input      4 Bit        Muxes := 3     
	   2 Input      1 Bit        Muxes := 2     
---------------------------------------------------------------------------------
Finished RTL Hierarchical Component Statistics
---------------------------------------------------------------------------------
---------------------------------------------------------------------------------
Start Part Resource Summary
---------------------------------------------------------------------------------
Loading clock regions from C:/Xilinx/Vivado/2014.4/data\parts/xilinx/artix7/artix7/xc7a35t/ClockRegion.xml
Loading clock buffers from C:/Xilinx/Vivado/2014.4/data\parts/xilinx/artix7/artix7/xc7a35t/ClockBuffers.xml
Loading clock placement rules from C:/Xilinx/Vivado/2014.4/data/parts/xilinx/artix7/ClockPlacerRules.xml
Loading package pin functions from C:/Xilinx/Vivado/2014.4/data\parts/xilinx/artix7/PinFunctions.xml...
Loading package from C:/Xilinx/Vivado/2014.4/data\parts/xilinx/artix7/artix7/xc7a35t/cpg236/Package.xml
Loading io standards from C:/Xilinx/Vivado/2014.4/data\./parts/xilinx/artix7/IOStandards.xml
Loading device configuration modes from C:/Xilinx/Vivado/2014.4/data\parts/xilinx/artix7/ConfigModes.xml
Part Resources:
DSPs: 120 (col length:60)
BRAMs: 150 (col length: RAMB18 60 RAMB36 30)
---------------------------------------------------------------------------------
Finished Part Resource Summary
---------------------------------------------------------------------------------
Start Parallel Synthesis Optimization  : Time (s): cpu = 00:00:07 ; elapsed = 00:00:09 . Memory (MB): peak = 411.977 ; gain = 251.320
---------------------------------------------------------------------------------
Start Cross Boundary Optimization
---------------------------------------------------------------------------------
ROM "counter_unit/ms_tick" won't be mapped to RAM because address size (23) is larger than maximum supported(18) 
---------------------------------------------------------------------------------
Finished Cross Boundary Optimization : Time (s): cpu = 00:00:07 ; elapsed = 00:00:09 . Memory (MB): peak = 411.977 ; gain = 251.320
---------------------------------------------------------------------------------
Finished Parallel Reinference  : Time (s): cpu = 00:00:07 ; elapsed = 00:00:09 . Memory (MB): peak = 411.977 ; gain = 251.320

Report RTL Partitions: 
+-+--------------+------------+----------+
| |RTL Partition |Replication |Instances |
+-+--------------+------------+----------+
+-+--------------+------------+----------+
---------------------------------------------------------------------------------
Start RAM, DSP and Shift Register Reporting
---------------------------------------------------------------------------------
---------------------------------------------------------------------------------
Finished RAM, DSP and Shift Register Reporting
---------------------------------------------------------------------------------
No constraint files found.
---------------------------------------------------------------------------------
Start Area Optimization
---------------------------------------------------------------------------------
---------------------------------------------------------------------------------
Finished Area Optimization : Time (s): cpu = 00:00:08 ; elapsed = 00:00:09 . Memory (MB): peak = 432.559 ; gain = 271.902
---------------------------------------------------------------------------------
---------------------------------------------------------------------------------
Finished Area Optimization : Time (s): cpu = 00:00:08 ; elapsed = 00:00:09 . Memory (MB): peak = 432.559 ; gain = 271.902
---------------------------------------------------------------------------------
Finished Parallel Area Optimization  : Time (s): cpu = 00:00:08 ; elapsed = 00:00:09 . Memory (MB): peak = 432.559 ; gain = 271.902

Report RTL Partitions: 
+-+--------------+------------+----------+
| |RTL Partition |Replication |Instances |
+-+--------------+------------+----------+
+-+--------------+------------+----------+
Finished Parallel Synthesis Optimization  : Time (s): cpu = 00:00:08 ; elapsed = 00:00:09 . Memory (MB): peak = 432.559 ; gain = 271.902
---------------------------------------------------------------------------------
Start Timing Optimization
---------------------------------------------------------------------------------
No constraint files found.
---------------------------------------------------------------------------------
Finished Timing Optimization : Time (s): cpu = 00:00:08 ; elapsed = 00:00:09 . Memory (MB): peak = 432.559 ; gain = 271.902
---------------------------------------------------------------------------------

Report RTL Partitions: 
+-+--------------+------------+----------+
| |RTL Partition |Replication |Instances |
+-+--------------+------------+----------+
+-+--------------+------------+----------+
---------------------------------------------------------------------------------
Start Technology Mapping
---------------------------------------------------------------------------------
---------------------------------------------------------------------------------
Finished Technology Mapping : Time (s): cpu = 00:00:08 ; elapsed = 00:00:09 . Memory (MB): peak = 432.559 ; gain = 271.902
---------------------------------------------------------------------------------

Report RTL Partitions: 
+-+--------------+------------+----------+
| |RTL Partition |Replication |Instances |
+-+--------------+------------+----------+
+-+--------------+------------+----------+
---------------------------------------------------------------------------------
Start IO Insertion
---------------------------------------------------------------------------------
---------------------------------------------------------------------------------
Start Flattening Before IO Insertion
---------------------------------------------------------------------------------
---------------------------------------------------------------------------------
Finished Flattening Before IO Insertion
---------------------------------------------------------------------------------
---------------------------------------------------------------------------------
Start Final Netlist Cleanup
---------------------------------------------------------------------------------
---------------------------------------------------------------------------------
Finished Final Netlist Cleanup
---------------------------------------------------------------------------------
---------------------------------------------------------------------------------
Finished IO Insertion : Time (s): cpu = 00:00:08 ; elapsed = 00:00:09 . Memory (MB): peak = 432.559 ; gain = 271.902
---------------------------------------------------------------------------------

Report Check Netlist: 
+------+------------------+-------+---------+-------+------------------+
|      |Item              |Errors |Warnings |Status |Description       |
+------+------------------+-------+---------+-------+------------------+
|1     |multi_driven_nets |      0|        0|Passed |Multi driven nets |
+------+------------------+-------+---------+-------+------------------+
---------------------------------------------------------------------------------
Start Renaming Generated Instances
---------------------------------------------------------------------------------
---------------------------------------------------------------------------------
Finished Renaming Generated Instances : Time (s): cpu = 00:00:08 ; elapsed = 00:00:09 . Memory (MB): peak = 432.559 ; gain = 271.902
---------------------------------------------------------------------------------

Report RTL Partitions: 
+-+--------------+------------+----------+
| |RTL Partition |Replication |Instances |
+-+--------------+------------+----------+
+-+--------------+------------+----------+
---------------------------------------------------------------------------------
Start Rebuilding User Hierarchy
---------------------------------------------------------------------------------
---------------------------------------------------------------------------------
Finished Rebuilding User Hierarchy : Time (s): cpu = 00:00:08 ; elapsed = 00:00:09 . Memory (MB): peak = 432.559 ; gain = 271.902
---------------------------------------------------------------------------------
---------------------------------------------------------------------------------
Start RAM, DSP and Shift Register Reporting
---------------------------------------------------------------------------------
---------------------------------------------------------------------------------
Finished RAM, DSP and Shift Register Reporting
---------------------------------------------------------------------------------
---------------------------------------------------------------------------------
Start Writing Synthesis Report
---------------------------------------------------------------------------------

Report BlackBoxes: 
+-+--------------+----------+
| |BlackBox name |Instances |
+-+--------------+----------+
+-+--------------+----------+

Report Cell Usage: 
+------+-------+------+
|      |Cell   |Count |
+------+-------+------+
|1     |BUFG   |     1|
|2     |CARRY4 |    11|
|3     |LUT1   |    45|
|4     |LUT2   |     6|
|5     |LUT3   |     6|
|6     |LUT4   |    17|
|7     |LUT5   |     6|
|8     |LUT6   |     6|
|9     |FDRE   |    53|
|10    |LD     |    12|
|11    |IBUF   |     3|
|12    |OBUF   |    12|
+------+-------+------+

Report Instance Areas: 
+------+---------------------+------------------+------+
|      |Instance             |Module            |Cells |
+------+---------------------+------------------+------+
|1     |top                  |                  |   178|
|2     |  counter_unit       |stop_watch        |   117|
|3     |  scan_led_disp_unit |scan_led_hex_disp |    45|
+------+---------------------+------------------+------+
---------------------------------------------------------------------------------
Finished Writing Synthesis Report : Time (s): cpu = 00:00:08 ; elapsed = 00:00:09 . Memory (MB): peak = 432.559 ; gain = 271.902
---------------------------------------------------------------------------------
Synthesis finished with 0 errors, 0 critical warnings and 3 warnings.
Synthesis Optimization Runtime : Time (s): cpu = 00:00:00 ; elapsed = 00:00:08 . Memory (MB): peak = 432.559 ; gain = 245.332
Synthesis Optimization Complete : Time (s): cpu = 00:00:08 ; elapsed = 00:00:09 . Memory (MB): peak = 432.559 ; gain = 271.902
INFO: [Project 1-571] Translating synthesized netlist
INFO: [Netlist 29-17] Analyzing 26 Unisim elements for replacement
INFO: [Netlist 29-28] Unisim Transformation completed in 0 CPU seconds
INFO: [Project 1-570] Preparing netlist for logic optimization
INFO: [Opt 31-140] Inserted 0 IBUFs to IO ports without IO buffers.
INFO: [Opt 31-141] Inserted 0 OBUFs to IO ports without IO buffers.
INFO: [Opt 31-138] Pushed 0 inverter(s) to 0 load pin(s).
INFO: [Project 1-111] Unisim Transformation Summary:
  A total of 12 instances were transformed.
  LD => LDCE: 12 instances

INFO: [Common 17-83] Releasing license: Synthesis
16 Infos, 3 Warnings, 0 Critical Warnings and 0 Errors encountered.
synth_design completed successfully
synth_design: Time (s): cpu = 00:00:08 ; elapsed = 00:00:08 . Memory (MB): peak = 485.672 ; gain = 298.668
# write_checkpoint -noxdef stop_watch_test.dcp
# catch { report_utilization -file stop_watch_test_utilization_synth.rpt -pb stop_watch_test_utilization_synth.pb }
report_utilization: Time (s): cpu = 00:00:00 ; elapsed = 00:00:00.063 . Memory (MB): peak = 485.672 ; gain = 0.000
INFO: [Common 17-206] Exiting Vivado at Mon Sep 19 15:52:10 2016...
